mode: set
github.com/brandenc40/gmg/grillclient/entity.go:17.29,19.2 1 0
github.com/brandenc40/gmg/grillclient/firestate_enumer.go:22.36,23.9 1 0
github.com/brandenc40/gmg/grillclient/firestate_enumer.go:24.24,25.71 1 0
github.com/brandenc40/gmg/grillclient/firestate_enumer.go:26.16,27.26 1 0
github.com/brandenc40/gmg/grillclient/firestate_enumer.go:28.10,29.41 1 0
github.com/brandenc40/gmg/grillclient/firestate_enumer.go:47.51,48.48 1 0
github.com/brandenc40/gmg/grillclient/firestate_enumer.go:51.2,51.67 1 0
github.com/brandenc40/gmg/grillclient/firestate_enumer.go:48.48,50.3 1 0
github.com/brandenc40/gmg/grillclient/firestate_enumer.go:55.36,57.2 1 0
github.com/brandenc40/gmg/grillclient/firestate_enumer.go:60.40,61.37 1 0
github.com/brandenc40/gmg/grillclient/firestate_enumer.go:66.2,66.14 1 0
github.com/brandenc40/gmg/grillclient/firestate_enumer.go:61.37,62.13 1 0
github.com/brandenc40/gmg/grillclient/firestate_enumer.go:62.13,64.4 1 0
github.com/brandenc40/gmg/grillclient/firestate_enumer.go:70.50,72.2 1 0
github.com/brandenc40/gmg/grillclient/firestate_enumer.go:75.54,77.49 2 0
github.com/brandenc40/gmg/grillclient/firestate_enumer.go:81.2,83.12 3 0
github.com/brandenc40/gmg/grillclient/firestate_enumer.go:77.49,79.3 1 0
github.com/brandenc40/gmg/grillclient/firestate_enumer.go:86.50,88.2 1 0
github.com/brandenc40/gmg/grillclient/firestate_enumer.go:90.51,91.18 1 0
github.com/brandenc40/gmg/grillclient/firestate_enumer.go:95.2,96.9 2 0
github.com/brandenc40/gmg/grillclient/firestate_enumer.go:105.2,106.16 2 0
github.com/brandenc40/gmg/grillclient/firestate_enumer.go:110.2,111.12 2 0
github.com/brandenc40/gmg/grillclient/firestate_enumer.go:91.18,93.3 1 0
github.com/brandenc40/gmg/grillclient/firestate_enumer.go:96.9,98.10 2 0
github.com/brandenc40/gmg/grillclient/firestate_enumer.go:102.3,102.25 1 0
github.com/brandenc40/gmg/grillclient/firestate_enumer.go:98.10,100.4 1 0
github.com/brandenc40/gmg/grillclient/firestate_enumer.go:106.16,108.3 1 0
github.com/brandenc40/gmg/grillclient/mapper.go:29.62,42.2 2 1
github.com/brandenc40/gmg/grillclient/mapper.go:44.63,47.15 2 1
github.com/brandenc40/gmg/grillclient/mapper.go:50.2,50.37 1 1
github.com/brandenc40/gmg/grillclient/mapper.go:47.15,49.3 1 1
github.com/brandenc40/gmg/grillclient/powerstate_enumer.go:16.37,17.55 1 0
github.com/brandenc40/gmg/grillclient/powerstate_enumer.go:20.2,20.67 1 0
github.com/brandenc40/gmg/grillclient/powerstate_enumer.go:17.55,19.3 1 0
github.com/brandenc40/gmg/grillclient/powerstate_enumer.go:34.53,35.49 1 0
github.com/brandenc40/gmg/grillclient/powerstate_enumer.go:38.2,38.68 1 0
github.com/brandenc40/gmg/grillclient/powerstate_enumer.go:35.49,37.3 1 0
github.com/brandenc40/gmg/grillclient/powerstate_enumer.go:42.38,44.2 1 0
github.com/brandenc40/gmg/grillclient/powerstate_enumer.go:47.42,48.38 1 0
github.com/brandenc40/gmg/grillclient/powerstate_enumer.go:53.2,53.14 1 0
github.com/brandenc40/gmg/grillclient/powerstate_enumer.go:48.38,49.13 1 0
github.com/brandenc40/gmg/grillclient/powerstate_enumer.go:49.13,51.4 1 0
github.com/brandenc40/gmg/grillclient/powerstate_enumer.go:57.51,59.2 1 0
github.com/brandenc40/gmg/grillclient/powerstate_enumer.go:62.55,64.49 2 0
github.com/brandenc40/gmg/grillclient/powerstate_enumer.go:68.2,70.12 3 0
github.com/brandenc40/gmg/grillclient/powerstate_enumer.go:64.49,66.3 1 0
github.com/brandenc40/gmg/grillclient/powerstate_enumer.go:73.51,75.2 1 0
github.com/brandenc40/gmg/grillclient/powerstate_enumer.go:77.52,78.18 1 0
github.com/brandenc40/gmg/grillclient/powerstate_enumer.go:82.2,83.9 2 0
github.com/brandenc40/gmg/grillclient/powerstate_enumer.go:92.2,93.16 2 0
github.com/brandenc40/gmg/grillclient/powerstate_enumer.go:97.2,98.12 2 0
github.com/brandenc40/gmg/grillclient/powerstate_enumer.go:78.18,80.3 1 0
github.com/brandenc40/gmg/grillclient/powerstate_enumer.go:83.9,85.10 2 0
github.com/brandenc40/gmg/grillclient/powerstate_enumer.go:89.3,89.25 1 0
github.com/brandenc40/gmg/grillclient/powerstate_enumer.go:85.10,87.4 1 0
github.com/brandenc40/gmg/grillclient/powerstate_enumer.go:93.16,95.3 1 0
github.com/brandenc40/gmg/grillclient/warncode_enumer.go:26.35,27.9 1 0
github.com/brandenc40/gmg/grillclient/warncode_enumer.go:28.24,29.68 1 0
github.com/brandenc40/gmg/grillclient/warncode_enumer.go:30.14,31.25 1 0
github.com/brandenc40/gmg/grillclient/warncode_enumer.go:32.14,33.25 1 0
github.com/brandenc40/gmg/grillclient/warncode_enumer.go:34.16,35.25 1 0
github.com/brandenc40/gmg/grillclient/warncode_enumer.go:36.10,37.40 1 0
github.com/brandenc40/gmg/grillclient/warncode_enumer.go:54.49,55.47 1 0
github.com/brandenc40/gmg/grillclient/warncode_enumer.go:58.2,58.66 1 0
github.com/brandenc40/gmg/grillclient/warncode_enumer.go:55.47,57.3 1 0
github.com/brandenc40/gmg/grillclient/warncode_enumer.go:62.34,64.2 1 0
github.com/brandenc40/gmg/grillclient/warncode_enumer.go:67.38,68.36 1 0
github.com/brandenc40/gmg/grillclient/warncode_enumer.go:73.2,73.14 1 0
github.com/brandenc40/gmg/grillclient/warncode_enumer.go:68.36,69.13 1 0
github.com/brandenc40/gmg/grillclient/warncode_enumer.go:69.13,71.4 1 0
github.com/brandenc40/gmg/grillclient/warncode_enumer.go:77.49,79.2 1 0
github.com/brandenc40/gmg/grillclient/warncode_enumer.go:82.53,84.49 2 0
github.com/brandenc40/gmg/grillclient/warncode_enumer.go:88.2,90.12 3 0
github.com/brandenc40/gmg/grillclient/warncode_enumer.go:84.49,86.3 1 0
github.com/brandenc40/gmg/grillclient/warncode_enumer.go:93.49,95.2 1 0
github.com/brandenc40/gmg/grillclient/warncode_enumer.go:97.50,98.18 1 0
github.com/brandenc40/gmg/grillclient/warncode_enumer.go:102.2,103.9 2 0
github.com/brandenc40/gmg/grillclient/warncode_enumer.go:112.2,113.16 2 0
github.com/brandenc40/gmg/grillclient/warncode_enumer.go:117.2,118.12 2 0
github.com/brandenc40/gmg/grillclient/warncode_enumer.go:98.18,100.3 1 0
github.com/brandenc40/gmg/grillclient/warncode_enumer.go:103.9,105.10 2 0
github.com/brandenc40/gmg/grillclient/warncode_enumer.go:109.3,109.25 1 0
github.com/brandenc40/gmg/grillclient/warncode_enumer.go:105.10,107.4 1 0
github.com/brandenc40/gmg/grillclient/warncode_enumer.go:113.16,115.3 1 0
github.com/brandenc40/gmg/grillclient/client.go:38.27,47.2 2 0
github.com/brandenc40/gmg/grillclient/client.go:55.50,57.16 2 0
github.com/brandenc40/gmg/grillclient/client.go:60.2,60.55 1 0
github.com/brandenc40/gmg/grillclient/client.go:57.16,59.3 1 0
github.com/brandenc40/gmg/grillclient/client.go:64.47,66.16 2 0
github.com/brandenc40/gmg/grillclient/client.go:69.2,69.22 1 0
github.com/brandenc40/gmg/grillclient/client.go:66.16,68.3 1 0
github.com/brandenc40/gmg/grillclient/client.go:73.53,75.16 2 0
github.com/brandenc40/gmg/grillclient/client.go:78.2,78.22 1 0
github.com/brandenc40/gmg/grillclient/client.go:75.16,77.3 1 0
github.com/brandenc40/gmg/grillclient/client.go:82.52,85.2 2 0
github.com/brandenc40/gmg/grillclient/client.go:88.55,91.2 2 0
github.com/brandenc40/gmg/grillclient/client.go:94.55,97.2 2 0
github.com/brandenc40/gmg/grillclient/client.go:100.39,103.2 2 0
github.com/brandenc40/gmg/grillclient/client.go:106.48,109.2 2 0
github.com/brandenc40/gmg/grillclient/client.go:112.40,115.2 2 0
github.com/brandenc40/gmg/grillclient/client.go:117.89,120.16 2 0
github.com/brandenc40/gmg/grillclient/client.go:123.2,128.16 4 0
github.com/brandenc40/gmg/grillclient/client.go:131.2,136.16 4 0
github.com/brandenc40/gmg/grillclient/client.go:139.2,141.20 3 0
github.com/brandenc40/gmg/grillclient/client.go:120.16,122.3 1 0
github.com/brandenc40/gmg/grillclient/client.go:128.16,130.3 1 0
github.com/brandenc40/gmg/grillclient/client.go:136.16,138.3 1 0
github.com/brandenc40/gmg/grillclient/client.go:144.78,145.41 1 0
github.com/brandenc40/gmg/grillclient/client.go:153.2,153.8 1 0
github.com/brandenc40/gmg/grillclient/client.go:145.41,148.42 3 0
github.com/brandenc40/gmg/grillclient/client.go:151.3,151.11 1 0
github.com/brandenc40/gmg/grillclient/client.go:148.42,150.4 1 0
github.com/brandenc40/gmg/grillclient/client.go:156.67,157.67 1 0
github.com/brandenc40/gmg/grillclient/client.go:160.2,160.79 1 0
github.com/brandenc40/gmg/grillclient/client.go:163.2,163.81 1 0
github.com/brandenc40/gmg/grillclient/client.go:166.2,167.8 2 0
github.com/brandenc40/gmg/grillclient/client.go:157.67,159.3 1 0
github.com/brandenc40/gmg/grillclient/client.go:160.79,162.3 1 0
github.com/brandenc40/gmg/grillclient/client.go:163.81,165.3 1 0
github.com/brandenc40/gmg/grillclient/client.go:170.52,171.37 1 0
github.com/brandenc40/gmg/grillclient/client.go:171.37,173.3 1 0
github.com/brandenc40/gmg/grillclient/commands.go:22.52,23.19 1 1
github.com/brandenc40/gmg/grillclient/commands.go:26.2,26.18 1 1
github.com/brandenc40/gmg/grillclient/commands.go:23.19,25.3 1 1
